<dependency>
    <groupId>junit</groupId>
    <artifactId>junit</artifactId>
    <version>4.0</version>
</dependency>
